#
# There is insufficient memory for the Java Runtime Environment to continue.
# Native memory allocation (mmap) failed to map 65536 bytes for Failed to commit metaspace.
# Possible reasons:
#   The system is out of physical RAM or swap space
#   The process is running with CompressedOops enabled, and the Java Heap may be blocking the growth of the native heap
# Possible solutions:
#   Reduce memory load on the system
#   Increase physical memory or swap space
#   Check if swap backing store is full
#   Decrease Java heap size (-Xmx/-Xms)
#   Decrease number of Java threads
#   Decrease Java thread stack sizes (-Xss)
#   Set larger code cache with -XX:ReservedCodeCacheSize=
#   JVM is running with Unscaled Compressed Oops mode in which the Java heap is
#     placed in the first 4GB address space. The Java Heap base address is the
#     maximum limit for the native heap growth. Please use -XX:HeapBaseMinAddress
#     to set the Java Heap base and to place the Java Heap above 4GB virtual address.
# This output file may be truncated or incomplete.
#
#  Out of Memory Error (virtualSpaceNode.cpp:110), pid=11888, tid=7188
#
# JRE version: OpenJDK Runtime Environment Temurin-17.0.7+7 (17.0.7+7) (build 17.0.7+7)
# Java VM: OpenJDK 64-Bit Server VM Temurin-17.0.7+7 (17.0.7+7, mixed mode, tiered, compressed oops, compressed class ptrs, g1 gc, windows-amd64)
# No core dump will be written. Minidumps are not enabled by default on client versions of Windows
#

---------------  S U M M A R Y ------------

Command Line: -Dfile.encoding=UTF-8 -XX:+ShowCodeDetailsInExceptionMessages com.example.demo.DemoApplication

Host: Intel(R) Core(TM) i3-8130U CPU @ 2.20GHz, 4 cores, 3G,  Windows 10 , 64 bit Build 19041 (10.0.19041.3155)
Time: Fri Jul 14 23:25:13 2023 India Standard Time elapsed time: 0.698868 seconds (0d 0h 0m 0s)

---------------  T H R E A D  ---------------

Current thread (0x0000026920565db0):  JavaThread "main" [_thread_in_vm, id=7188, stack(0x000000b569300000,0x000000b569400000)]

Stack: [0x000000b569300000,0x000000b569400000]
Native frames: (J=compiled Java code, j=interpreted, Vv=VM code, C=native code)
V  [jvm.dll+0x67754a]
V  [jvm.dll+0x834304]
V  [jvm.dll+0x835aae]
V  [jvm.dll+0x836113]
V  [jvm.dll+0x24696f]
V  [jvm.dll+0x83039b]
V  [jvm.dll+0x61c006]
V  [jvm.dll+0x1c169e]
V  [jvm.dll+0x61e961]
V  [jvm.dll+0x61c9a6]
V  [jvm.dll+0x626887]
V  [jvm.dll+0x1eb47b]
V  [jvm.dll+0x1eb9b5]
V  [jvm.dll+0x1ec3ef]
V  [jvm.dll+0x1e1891]
V  [jvm.dll+0x53ea50]
V  [jvm.dll+0x7afc28]
V  [jvm.dll+0x7afd14]
V  [jvm.dll+0x40de05]
V  [jvm.dll+0x413f58]
C  [java.dll+0x17ec]

Java frames: (J=compiled Java code, j=interpreted, Vv=VM code)
j  java.lang.ClassLoader.defineClass1(Ljava/lang/ClassLoader;Ljava/lang/String;[BIILjava/security/ProtectionDomain;Ljava/lang/String;)Ljava/lang/Class;+0 java.base@17.0.7
j  java.lang.ClassLoader.defineClass(Ljava/lang/String;[BIILjava/security/ProtectionDomain;)Ljava/lang/Class;+27 java.base@17.0.7
j  java.security.SecureClassLoader.defineClass(Ljava/lang/String;[BIILjava/security/CodeSource;)Ljava/lang/Class;+12 java.base@17.0.7
j  jdk.internal.loader.BuiltinClassLoader.defineClass(Ljava/lang/String;Ljdk/internal/loader/Resource;)Ljava/lang/Class;+117 java.base@17.0.7
j  jdk.internal.loader.BuiltinClassLoader.findClassOnClassPathOrNull(Ljava/lang/String;)Ljava/lang/Class;+37 java.base@17.0.7
j  jdk.internal.loader.BuiltinClassLoader.loadClassOrNull(Ljava/lang/String;Z)Ljava/lang/Class;+111 java.base@17.0.7
j  jdk.internal.loader.BuiltinClassLoader.loadClass(Ljava/lang/String;Z)Ljava/lang/Class;+3 java.base@17.0.7
j  jdk.internal.loader.ClassLoaders$AppClassLoader.loadClass(Ljava/lang/String;Z)Ljava/lang/Class;+36 java.base@17.0.7
j  java.lang.ClassLoader.loadClass(Ljava/lang/String;)Ljava/lang/Class;+3 java.base@17.0.7
v  ~StubRoutines::call_stub
j  java.lang.ClassLoader.defineClass1(Ljava/lang/ClassLoader;Ljava/lang/String;[BIILjava/security/ProtectionDomain;Ljava/lang/String;)Ljava/lang/Class;+0 java.base@17.0.7
j  java.lang.ClassLoader.defineClass(Ljava/lang/String;[BIILjava/security/ProtectionDomain;)Ljava/lang/Class;+27 java.base@17.0.7
j  java.security.SecureClassLoader.defineClass(Ljava/lang/String;[BIILjava/security/CodeSource;)Ljava/lang/Class;+12 java.base@17.0.7
j  jdk.internal.loader.BuiltinClassLoader.defineClass(Ljava/lang/String;Ljdk/internal/loader/Resource;)Ljava/lang/Class;+117 java.base@17.0.7
j  jdk.internal.loader.BuiltinClassLoader.findClassOnClassPathOrNull(Ljava/lang/String;)Ljava/lang/Class;+37 java.base@17.0.7
j  jdk.internal.loader.BuiltinClassLoader.loadClassOrNull(Ljava/lang/String;Z)Ljava/lang/Class;+111 java.base@17.0.7
j  jdk.internal.loader.BuiltinClassLoader.loadClass(Ljava/lang/String;Z)Ljava/lang/Class;+3 java.base@17.0.7
j  jdk.internal.loader.ClassLoaders$AppClassLoader.loadClass(Ljava/lang/String;Z)Ljava/lang/Class;+36 java.base@17.0.7
j  java.lang.ClassLoader.loadClass(Ljava/lang/String;)Ljava/lang/Class;+3 java.base@17.0.7
v  ~StubRoutines::call_stub
j  ch.qos.logback.classic.BasicConfigurator.configure(Lch/qos/logback/classic/LoggerContext;)Lch/qos/logback/classic/spi/Configurator$ExecutionStatus;+6
j  ch.qos.logback.classic.util.ContextInitializer.fallbackOnToBasicConfigurator()V+21
j  ch.qos.logback.classic.util.ContextInitializer.autoConfig(Ljava/lang/ClassLoader;)V+182
j  ch.qos.logback.classic.util.ContextInitializer.autoConfig()V+6
j  ch.qos.logback.classic.spi.LogbackServiceProvider.initializeLoggerContext()V+11
j  ch.qos.logback.classic.spi.LogbackServiceProvider.initialize()V+21
j  org.slf4j.LoggerFactory.bind()V+37
j  org.slf4j.LoggerFactory.performInitialization()V+0
j  org.slf4j.LoggerFactory.getProvider()Lorg/slf4j/spi/SLF4JServiceProvider;+21
j  org.slf4j.LoggerFactory.getILoggerFactory()Lorg/slf4j/ILoggerFactory;+0
j  org.slf4j.LoggerFactory.getLogger(Ljava/lang/String;)Lorg/slf4j/Logger;+0
j  org.apache.commons.logging.LogAdapter$Slf4jAdapter.createLocationAwareLog(Ljava/lang/String;)Lorg/apache/commons/logging/Log;+1
j  org.apache.commons.logging.LogAdapter$$Lambda$1+0x0000000100005e58.apply(Ljava/lang/Object;)Ljava/lang/Object;+4
j  org.apache.commons.logging.LogAdapter.createLog(Ljava/lang/String;)Lorg/apache/commons/logging/Log;+4
j  org.apache.commons.logging.LogFactory.getLog(Ljava/lang/String;)Lorg/apache/commons/logging/Log;+1
j  org.apache.commons.logging.LogFactory.getLog(Ljava/lang/Class;)Lorg/apache/commons/logging/Log;+4
j  org.springframework.boot.SpringApplication.<clinit>()V+2
v  ~StubRoutines::call_stub
j  com.example.demo.DemoApplication.main([Ljava/lang/String;)V+3
v  ~StubRoutines::call_stub

---------------  P R O C E S S  ---------------

Threads class SMR info:
_java_thread_list=0x00000269378c44b0, length=12, elements={
0x0000026920565db0, 0x000002693761f940, 0x0000026937623320, 0x0000026937662280,
0x0000026937663d50, 0x0000026937666710, 0x00000269376670c0, 0x0000026937667da0,
0x0000026937693b20, 0x00000269377e8010, 0x00000269378ee0e0, 0x0000026937912570
}

Java Threads: ( => current thread )
=>0x0000026920565db0 JavaThread "main" [_thread_in_vm, id=7188, stack(0x000000b569300000,0x000000b569400000)]
  0x000002693761f940 JavaThread "Reference Handler" daemon [_thread_blocked, id=12568, stack(0x000000b569a00000,0x000000b569b00000)]
  0x0000026937623320 JavaThread "Finalizer" daemon [_thread_blocked, id=5164, stack(0x000000b569b00000,0x000000b569c00000)]
  0x0000026937662280 JavaThread "Signal Dispatcher" daemon [_thread_blocked, id=13076, stack(0x000000b569c00000,0x000000b569d00000)]
  0x0000026937663d50 JavaThread "Attach Listener" daemon [_thread_blocked, id=11364, stack(0x000000b569d00000,0x000000b569e00000)]
  0x0000026937666710 JavaThread "Service Thread" daemon [_thread_blocked, id=3336, stack(0x000000b569e00000,0x000000b569f00000)]
  0x00000269376670c0 JavaThread "Monitor Deflation Thread" daemon [_thread_blocked, id=7644, stack(0x000000b569f00000,0x000000b56a000000)]
  0x0000026937667da0 JavaThread "C2 CompilerThread0" daemon [_thread_in_native, id=11928, stack(0x000000b56a000000,0x000000b56a100000)]
  0x0000026937693b20 JavaThread "C1 CompilerThread0" daemon [_thread_in_native, id=15092, stack(0x000000b56a100000,0x000000b56a200000)]
  0x00000269377e8010 JavaThread "Sweeper thread" daemon [_thread_blocked, id=12980, stack(0x000000b56a200000,0x000000b56a300000)]
  0x00000269378ee0e0 JavaThread "Notification Thread" daemon [_thread_blocked, id=15256, stack(0x000000b56a300000,0x000000b56a400000)]
  0x0000026937912570 JavaThread "Common-Cleaner" daemon [_thread_blocked, id=7756, stack(0x000000b56a500000,0x000000b56a600000)]

Other Threads:
  0x000002692062e910 VMThread "VM Thread" [stack: 0x000000b569900000,0x000000b569a00000] [id=14688]
  0x00000269378f4de0 WatcherThread [stack: 0x000000b56a400000,0x000000b56a500000] [id=2308]
  0x00000269205a0200 GCTaskThread "GC Thread#0" [stack: 0x000000b569400000,0x000000b569500000] [id=2732]
  0x00000269205a8e90 ConcurrentGCThread "G1 Main Marker" [stack: 0x000000b569500000,0x000000b569600000] [id=10576]
  0x00000269205aa180 ConcurrentGCThread "G1 Conc#0" [stack: 0x000000b569600000,0x000000b569700000] [id=8544]
  0x00000269205f78c0 ConcurrentGCThread "G1 Refine#0" [stack: 0x000000b569700000,0x000000b569800000] [id=13888]
  0x00000269205f82e0 ConcurrentGCThread "G1 Service" [stack: 0x000000b569800000,0x000000b569900000] [id=13788]

Threads with active compile tasks:
C2 CompilerThread0      739  472       4       java.lang.StringLatin1::indexOf (121 bytes)
C1 CompilerThread0      739  469       3       java.net.URLStreamHandler::parseURL (1201 bytes)

VM state: not at safepoint (normal execution)

VM Mutex/Monitor currently owned by a thread:  ([mutex/lock_event])
[0x0000026920562760] Metaspace_lock - owner thread: 0x0000026920565db0

Heap address: 0x00000000c1600000, size: 1002 MB, Compressed Oops mode: 32-bit

CDS archive(s) not mapped
Compressed class space mapped at: 0x0000000100000000-0x0000000140000000, reserved size: 1073741824
Narrow klass base: 0x0000000000000000, Narrow klass shift: 3, Narrow klass range: 0x140000000

GC Precious Log:
 CPUs: 4 total, 4 available
 Memory: 4001M
 Large Page Support: Disabled
 NUMA Support: Disabled
 Compressed Oops: Enabled (32-bit)
 Heap Region Size: 1M
 Heap Min Capacity: 8M
 Heap Initial Capacity: 64M
 Heap Max Capacity: 1002M
 Pre-touch: Disabled
 Parallel Workers: 4
 Concurrent Workers: 1
 Concurrent Refinement Workers: 4
 Periodic GC: Disabled

Heap:
 garbage-first heap   total 65536K, used 7168K [0x00000000c1600000, 0x0000000100000000)
  region size 1024K, 8 young (8192K), 0 survivors (0K)
 Metaspace       used 7853K, committed 7936K, reserved 1114112K
  class space    used 668K, committed 704K, reserved 1048576K

Heap Regions: E=young(eden), S=young(survivor), O=old, HS=humongous(starts), HC=humongous(continues), CS=collection set, F=free, OA=open archive, CA=closed archive, TAMS=top-at-mark-start (previous, next)
|   0|0x00000000c1600000, 0x00000000c1700000, 0x00000000c1700000|100%|HS|  |TAMS 0x00000000c1600000, 0x00000000c1600000| Complete 
|   1|0x00000000c1700000, 0x00000000c1700000, 0x00000000c1800000|  0%| F|  |TAMS 0x00000000c1700000, 0x00000000c1700000| Untracked 
|   2|0x00000000c1800000, 0x00000000c1800000, 0x00000000c1900000|  0%| F|  |TAMS 0x00000000c1800000, 0x00000000c1800000| Untracked 
|   3|0x00000000c1900000, 0x00000000c1900000, 0x00000000c1a00000|  0%| F|  |TAMS 0x00000000c1900000, 0x00000000c1900000| Untracked 
|   4|0x00000000c1a00000, 0x00000000c1a00000, 0x00000000c1b00000|  0%| F|  |TAMS 0x00000000c1a00000, 0x00000000c1a00000| Untracked 
|   5|0x00000000c1b00000, 0x00000000c1b00000, 0x00000000c1c00000|  0%| F|  |TAMS 0x00000000c1b00000, 0x00000000c1b00000| Untracked 
|   6|0x00000000c1c00000, 0x00000000c1c00000, 0x00000000c1d00000|  0%| F|  |TAMS 0x00000000c1c00000, 0x00000000c1c00000| Untracked 
|   7|0x00000000c1d00000, 0x00000000c1d00000, 0x00000000c1e00000|  0%| F|  |TAMS 0x00000000c1d00000, 0x00000000c1d00000| Untracked 
|   8|0x00000000c1e00000, 0x00000000c1e00000, 0x00000000c1f00000|  0%| F|  |TAMS 0x00000000c1e00000, 0x00000000c1e00000| Untracked 
|   9|0x00000000c1f00000, 0x00000000c1f00000, 0x00000000c2000000|  0%| F|  |TAMS 0x00000000c1f00000, 0x00000000c1f00000| Untracked 
|  10|0x00000000c2000000, 0x00000000c2000000, 0x00000000c2100000|  0%| F|  |TAMS 0x00000000c2000000, 0x00000000c2000000| Untracked 
|  11|0x00000000c2100000, 0x00000000c2100000, 0x00000000c2200000|  0%| F|  |TAMS 0x00000000c2100000, 0x00000000c2100000| Untracked 
|  12|0x00000000c2200000, 0x00000000c2200000, 0x00000000c2300000|  0%| F|  |TAMS 0x00000000c2200000, 0x00000000c2200000| Untracked 
|  13|0x00000000c2300000, 0x00000000c2300000, 0x00000000c2400000|  0%| F|  |TAMS 0x00000000c2300000, 0x00000000c2300000| Untracked 
|  14|0x00000000c2400000, 0x00000000c2400000, 0x00000000c2500000|  0%| F|  |TAMS 0x00000000c2400000, 0x00000000c2400000| Untracked 
|  15|0x00000000c2500000, 0x00000000c2500000, 0x00000000c2600000|  0%| F|  |TAMS 0x00000000c2500000, 0x00000000c2500000| Untracked 
|  16|0x00000000c2600000, 0x00000000c2600000, 0x00000000c2700000|  0%| F|  |TAMS 0x00000000c2600000, 0x00000000c2600000| Untracked 
|  17|0x00000000c2700000, 0x00000000c2700000, 0x00000000c2800000|  0%| F|  |TAMS 0x00000000c2700000, 0x00000000c2700000| Untracked 
|  18|0x00000000c2800000, 0x00000000c2800000, 0x00000000c2900000|  0%| F|  |TAMS 0x00000000c2800000, 0x00000000c2800000| Untracked 
|  19|0x00000000c2900000, 0x00000000c2900000, 0x00000000c2a00000|  0%| F|  |TAMS 0x00000000c2900000, 0x00000000c2900000| Untracked 
|  20|0x00000000c2a00000, 0x00000000c2a00000, 0x00000000c2b00000|  0%| F|  |TAMS 0x00000000c2a00000, 0x00000000c2a00000| Untracked 
|  21|0x00000000c2b00000, 0x00000000c2b00000, 0x00000000c2c00000|  0%| F|  |TAMS 0x00000000c2b00000, 0x00000000c2b00000| Untracked 
|  22|0x00000000c2c00000, 0x00000000c2c00000, 0x00000000c2d00000|  0%| F|  |TAMS 0x00000000c2c00000, 0x00000000c2c00000| Untracked 
|  23|0x00000000c2d00000, 0x00000000c2d00000, 0x00000000c2e00000|  0%| F|  |TAMS 0x00000000c2d00000, 0x00000000c2d00000| Untracked 
|  24|0x00000000c2e00000, 0x00000000c2e00000, 0x00000000c2f00000|  0%| F|  |TAMS 0x00000000c2e00000, 0x00000000c2e00000| Untracked 
|  25|0x00000000c2f00000, 0x00000000c2f00000, 0x00000000c3000000|  0%| F|  |TAMS 0x00000000c2f00000, 0x00000000c2f00000| Untracked 
|  26|0x00000000c3000000, 0x00000000c3000000, 0x00000000c3100000|  0%| F|  |TAMS 0x00000000c3000000, 0x00000000c3000000| Untracked 
|  27|0x00000000c3100000, 0x00000000c3100000, 0x00000000c3200000|  0%| F|  |TAMS 0x00000000c3100000, 0x00000000c3100000| Untracked 
|  28|0x00000000c3200000, 0x00000000c3200000, 0x00000000c3300000|  0%| F|  |TAMS 0x00000000c3200000, 0x00000000c3200000| Untracked 
|  29|0x00000000c3300000, 0x00000000c3300000, 0x00000000c3400000|  0%| F|  |TAMS 0x00000000c3300000, 0x00000000c3300000| Untracked 
|  30|0x00000000c3400000, 0x00000000c3400000, 0x00000000c3500000|  0%| F|  |TAMS 0x00000000c3400000, 0x00000000c3400000| Untracked 
|  31|0x00000000c3500000, 0x00000000c3500000, 0x00000000c3600000|  0%| F|  |TAMS 0x00000000c3500000, 0x00000000c3500000| Untracked 
|  32|0x00000000c3600000, 0x00000000c3600000, 0x00000000c3700000|  0%| F|  |TAMS 0x00000000c3600000, 0x00000000c3600000| Untracked 
|  33|0x00000000c3700000, 0x00000000c3700000, 0x00000000c3800000|  0%| F|  |TAMS 0x00000000c3700000, 0x00000000c3700000| Untracked 
|  34|0x00000000c3800000, 0x00000000c3800000, 0x00000000c3900000|  0%| F|  |TAMS 0x00000000c3800000, 0x00000000c3800000| Untracked 
|  35|0x00000000c3900000, 0x00000000c3900000, 0x00000000c3a00000|  0%| F|  |TAMS 0x00000000c3900000, 0x00000000c3900000| Untracked 
|  36|0x00000000c3a00000, 0x00000000c3a00000, 0x00000000c3b00000|  0%| F|  |TAMS 0x00000000c3a00000, 0x00000000c3a00000| Untracked 
|  37|0x00000000c3b00000, 0x00000000c3b00000, 0x00000000c3c00000|  0%| F|  |TAMS 0x00000000c3b00000, 0x00000000c3b00000| Untracked 
|  38|0x00000000c3c00000, 0x00000000c3c00000, 0x00000000c3d00000|  0%| F|  |TAMS 0x00000000c3c00000, 0x00000000c3c00000| Untracked 
|  39|0x00000000c3d00000, 0x00000000c3d00000, 0x00000000c3e00000|  0%| F|  |TAMS 0x00000000c3d00000, 0x00000000c3d00000| Untracked 
|  40|0x00000000c3e00000, 0x00000000c3e00000, 0x00000000c3f00000|  0%| F|  |TAMS 0x00000000c3e00000, 0x00000000c3e00000| Untracked 
|  41|0x00000000c3f00000, 0x00000000c3f00000, 0x00000000c4000000|  0%| F|  |TAMS 0x00000000c3f00000, 0x00000000c3f00000| Untracked 
|  42|0x00000000c4000000, 0x00000000c4000000, 0x00000000c4100000|  0%| F|  |TAMS 0x00000000c4000000, 0x00000000c4000000| Untracked 
|  43|0x00000000c4100000, 0x00000000c4100000, 0x00000000c4200000|  0%| F|  |TAMS 0x00000000c4100000, 0x00000000c4100000| Untracked 
|  44|0x00000000c4200000, 0x00000000c4200000, 0x00000000c4300000|  0%| F|  |TAMS 0x00000000c4200000, 0x00000000c4200000| Untracked 
|  45|0x00000000c4300000, 0x00000000c4300000, 0x00000000c4400000|  0%| F|  |TAMS 0x00000000c4300000, 0x00000000c4300000| Untracked 
|  46|0x00000000c4400000, 0x00000000c4400000, 0x00000000c4500000|  0%| F|  |TAMS 0x00000000c4400000, 0x00000000c4400000| Untracked 
|  47|0x00000000c4500000, 0x00000000c4500000, 0x00000000c4600000|  0%| F|  |TAMS 0x00000000c4500000, 0x00000000c4500000| Untracked 
|  48|0x00000000c4600000, 0x00000000c4600000, 0x00000000c4700000|  0%| F|  |TAMS 0x00000000c4600000, 0x00000000c4600000| Untracked 
|  49|0x00000000c4700000, 0x00000000c4700000, 0x00000000c4800000|  0%| F|  |TAMS 0x00000000c4700000, 0x00000000c4700000| Untracked 
|  50|0x00000000c4800000, 0x00000000c4800000, 0x00000000c4900000|  0%| F|  |TAMS 0x00000000c4800000, 0x00000000c4800000| Untracked 
|  51|0x00000000c4900000, 0x00000000c4900000, 0x00000000c4a00000|  0%| F|  |TAMS 0x00000000c4900000, 0x00000000c4900000| Untracked 
|  52|0x00000000c4a00000, 0x00000000c4a00000, 0x00000000c4b00000|  0%| F|  |TAMS 0x00000000c4a00000, 0x00000000c4a00000| Untracked 
|  53|0x00000000c4b00000, 0x00000000c4b00000, 0x00000000c4c00000|  0%| F|  |TAMS 0x00000000c4b00000, 0x00000000c4b00000| Untracked 
|  54|0x00000000c4c00000, 0x00000000c4c00000, 0x00000000c4d00000|  0%| F|  |TAMS 0x00000000c4c00000, 0x00000000c4c00000| Untracked 
|  55|0x00000000c4d00000, 0x00000000c4d00000, 0x00000000c4e00000|  0%| F|  |TAMS 0x00000000c4d00000, 0x00000000c4d00000| Untracked 
|  56|0x00000000c4e00000, 0x00000000c4ec8428, 0x00000000c4f00000| 78%| E|  |TAMS 0x00000000c4e00000, 0x00000000c4e00000| Complete 
|  57|0x00000000c4f00000, 0x00000000c5000000, 0x00000000c5000000|100%| E|CS|TAMS 0x00000000c4f00000, 0x00000000c4f00000| Complete 
|  58|0x00000000c5000000, 0x00000000c5100000, 0x00000000c5100000|100%| E|CS|TAMS 0x00000000c5000000, 0x00000000c5000000| Complete 
|  59|0x00000000c5100000, 0x00000000c5200000, 0x00000000c5200000|100%| E|CS|TAMS 0x00000000c5100000, 0x00000000c5100000| Complete 
|  60|0x00000000c5200000, 0x00000000c5300000, 0x00000000c5300000|100%| E|CS|TAMS 0x00000000c5200000, 0x00000000c5200000| Complete 
|  61|0x00000000c5300000, 0x00000000c5400000, 0x00000000c5400000|100%| E|  |TAMS 0x00000000c5300000, 0x00000000c5300000| Complete 
|  62|0x00000000c5400000, 0x00000000c5500000, 0x00000000c5500000|100%| E|CS|TAMS 0x00000000c5400000, 0x00000000c5400000| Complete 
|  63|0x00000000c5500000, 0x00000000c5600000, 0x00000000c5600000|100%| E|CS|TAMS 0x00000000c5500000, 0x00000000c5500000| Complete 

Card table byte_map: [0x0000026932e20000,0x0000026933020000] _byte_map_base: 0x0000026932815000

Marking Bits (Prev, Next): (CMBitMap*) 0x00000269205a0810, (CMBitMap*) 0x00000269205a0850
 Prev Bits: [0x0000026933220000, 0x00000269341c8000)
 Next Bits: [0x00000269341d0000, 0x0000026935178000)

Polling page: 0x000002691e490000

Metaspace:

Usage:
  Non-class:      7.02 MB used.
      Class:    668.91 KB used.
       Both:      7.67 MB used.

Virtual space:
  Non-class space:       64.00 MB reserved,       7.06 MB ( 11%) committed,  1 nodes.
      Class space:        1.00 GB reserved,     704.00 KB ( <1%) committed,  1 nodes.
             Both:        1.06 GB reserved,       7.75 MB ( <1%) committed. 

Chunk freelists:
   Non-Class:  8.80 MB
       Class:  15.20 MB
        Both:  23.99 MB

MaxMetaspaceSize: unlimited
CompressedClassSpaceSize: 1.00 GB
Initial GC threshold: 21.00 MB
Current GC threshold: 21.00 MB
CDS: off
MetaspaceReclaimPolicy: balanced
 - commit_granule_bytes: 65536.
 - commit_granule_words: 8192.
 - virtual_space_node_default_size: 8388608.
 - enlarge_chunks_in_place: 1.
 - new_chunks_are_fully_committed: 0.
 - uncommit_free_chunks: 1.
 - use_allocation_guard: 0.
 - handle_deallocations: 1.


Internal statistics:

num_allocs_failed_limit: 0.
num_arena_births: 24.
num_arena_deaths: 0.
num_vsnodes_births: 2.
num_vsnodes_deaths: 0.
num_space_committed: 124.
num_space_uncommitted: 0.
num_chunks_returned_to_freelist: 0.
num_chunks_taken_from_freelist: 67.
num_chunk_merges: 0.
num_chunk_splits: 35.
num_chunks_enlarged: 24.
num_inconsistent_stats: 0.

CodeHeap 'non-profiled nmethods': size=120000Kb used=142Kb max_used=142Kb free=119857Kb
 bounds [0x000002692b6f0000, 0x000002692b960000, 0x0000026932c20000]
CodeHeap 'profiled nmethods': size=120000Kb used=750Kb max_used=750Kb free=119249Kb
 bounds [0x0000026923c20000, 0x0000026923e90000, 0x000002692b150000]
CodeHeap 'non-nmethods': size=5760Kb used=1127Kb max_used=1127Kb free=4632Kb
 bounds [0x000002692b150000, 0x000002692b3c0000, 0x000002692b6f0000]
 total_blobs=860 nmethods=468 adapters=303
 compilation: enabled
              stopped_count=0, restarted_count=0
 full_count=0

Compilation events (20 events):
Event: 0.655 Thread 0x0000026937693b20 nmethod 457 0x0000026923ccd790 code [0x0000026923cce6c0, 0x0000026923cd5098]
Event: 0.655 Thread 0x0000026937693b20  460       3       sun.invoke.util.VerifyAccess::isTypeVisible (118 bytes)
Event: 0.657 Thread 0x0000026937693b20 nmethod 460 0x0000026923cd6c90 code [0x0000026923cd70a0, 0x0000026923cd8f58]
Event: 0.657 Thread 0x0000026937693b20  464       3       jdk.internal.org.objectweb.asm.ByteVector::putByte (39 bytes)
Event: 0.657 Thread 0x0000026937693b20 nmethod 464 0x0000026923cd9890 code [0x0000026923cd9a40, 0x0000026923cd9c28]
Event: 0.657 Thread 0x0000026937693b20  458       3       java.lang.Class::getClassLoader (28 bytes)
Event: 0.658 Thread 0x0000026937693b20 nmethod 458 0x0000026923cd9d90 code [0x0000026923cd9fc0, 0x0000026923cda958]
Event: 0.658 Thread 0x0000026937693b20  463       1       java.lang.invoke.LambdaForm$Name::index (5 bytes)
Event: 0.658 Thread 0x0000026937693b20 nmethod 463 0x000002692b712c90 code [0x000002692b712e20, 0x000002692b712ef8]
Event: 0.658 Thread 0x0000026937693b20  461       1       java.lang.invoke.MethodType$ConcurrentWeakInternSet$WeakEntry::hashCode (5 bytes)
Event: 0.658 Thread 0x0000026937693b20 nmethod 461 0x000002692b712f90 code [0x000002692b713120, 0x000002692b7131f8]
Event: 0.659 Thread 0x0000026937693b20  466       3       java.util.jar.Attributes::getValue (9 bytes)
Event: 0.659 Thread 0x0000026937693b20 nmethod 466 0x0000026923cdac10 code [0x0000026923cdadc0, 0x0000026923cdb0c8]
Event: 0.659 Thread 0x0000026937693b20  467       3       java.util.jar.Attributes::get (11 bytes)
Event: 0.659 Thread 0x0000026937693b20 nmethod 467 0x0000026923cdb210 code [0x0000026923cdb3c0, 0x0000026923cdb588]
Event: 0.659 Thread 0x0000026937693b20  468       3       java.io.FilterInputStream::<init> (10 bytes)
Event: 0.659 Thread 0x0000026937693b20 nmethod 468 0x0000026923cdb690 code [0x0000026923cdb840, 0x0000026923cdba78]
Event: 0.660 Thread 0x0000026937667da0 nmethod 465% 0x000002692b713290 code [0x000002692b713420, 0x000002692b7137d8]
Event: 0.660 Thread 0x0000026937693b20  469       3       java.net.URLStreamHandler::parseURL (1201 bytes)
Event: 0.662 Thread 0x0000026937667da0  472       4       java.lang.StringLatin1::indexOf (121 bytes)

GC Heap History (0 events):
No events

Dll operation events (5 events):
Event: 0.014 Loaded shared library C:\Users\VIJAY\.p2\pool\plugins\org.eclipse.justj.openjdk.hotspot.jre.full.win32.x86_64_17.0.7.v20230425-1502\jre\bin\java.dll
Event: 0.268 Loaded shared library C:\Users\VIJAY\.p2\pool\plugins\org.eclipse.justj.openjdk.hotspot.jre.full.win32.x86_64_17.0.7.v20230425-1502\jre\bin\net.dll
Event: 0.271 Loaded shared library C:\Users\VIJAY\.p2\pool\plugins\org.eclipse.justj.openjdk.hotspot.jre.full.win32.x86_64_17.0.7.v20230425-1502\jre\bin\nio.dll
Event: 0.282 Loaded shared library C:\Users\VIJAY\.p2\pool\plugins\org.eclipse.justj.openjdk.hotspot.jre.full.win32.x86_64_17.0.7.v20230425-1502\jre\bin\zip.dll
Event: 0.509 Loaded shared library C:\Users\VIJAY\.p2\pool\plugins\org.eclipse.justj.openjdk.hotspot.jre.full.win32.x86_64_17.0.7.v20230425-1502\jre\bin\jimage.dll

Deoptimization events (20 events):
Event: 0.238 Thread 0x0000026920565db0 DEOPT PACKING pc=0x000002692b6f15f8 sp=0x000000b5693ff120
Event: 0.238 Thread 0x0000026920565db0 DEOPT UNPACKING pc=0x000002692b1a69a3 sp=0x000000b5693ff060 mode 2
Event: 0.330 Thread 0x0000026920565db0 DEOPT PACKING pc=0x0000026923c380e7 sp=0x000000b5693fa460
Event: 0.330 Thread 0x0000026920565db0 DEOPT UNPACKING pc=0x000002692b1a7143 sp=0x000000b5693f9880 mode 0
Event: 0.340 Thread 0x0000026920565db0 DEOPT PACKING pc=0x0000026923c273d1 sp=0x000000b5693fa420
Event: 0.340 Thread 0x0000026920565db0 DEOPT UNPACKING pc=0x000002692b1a7143 sp=0x000000b5693f9898 mode 0
Event: 0.527 Thread 0x0000026920565db0 Uncommon trap: trap_request=0xffffff45 fr.pc=0x000002692b6fa6e4 relative=0x0000000000000064
Event: 0.527 Thread 0x0000026920565db0 Uncommon trap: reason=unstable_if action=reinterpret pc=0x000002692b6fa6e4 method=java.io.WinNTFileSystem.isSlash(C)Z @ 9 c2
Event: 0.527 Thread 0x0000026920565db0 DEOPT PACKING pc=0x000002692b6fa6e4 sp=0x000000b5693fdd90
Event: 0.527 Thread 0x0000026920565db0 DEOPT UNPACKING pc=0x000002692b1a69a3 sp=0x000000b5693fdd18 mode 2
Event: 0.534 Thread 0x0000026920565db0 DEOPT PACKING pc=0x0000026923c4d42c sp=0x000000b5693f9a10
Event: 0.534 Thread 0x0000026920565db0 DEOPT UNPACKING pc=0x000002692b1a7143 sp=0x000000b5693f8ec0 mode 0
Event: 0.613 Thread 0x0000026920565db0 Uncommon trap: trap_request=0xffffff45 fr.pc=0x000002692b70d298 relative=0x0000000000000278
Event: 0.613 Thread 0x0000026920565db0 Uncommon trap: reason=unstable_if action=reinterpret pc=0x000002692b70d298 method=java.io.BufferedReader.read()I @ 19 c2
Event: 0.613 Thread 0x0000026920565db0 DEOPT PACKING pc=0x000002692b70d298 sp=0x000000b5693fcd70
Event: 0.613 Thread 0x0000026920565db0 DEOPT UNPACKING pc=0x000002692b1a69a3 sp=0x000000b5693fccb0 mode 2
Event: 0.615 Thread 0x0000026920565db0 Uncommon trap: trap_request=0xffffff45 fr.pc=0x000002692b70d924 relative=0x0000000000000284
Event: 0.615 Thread 0x0000026920565db0 Uncommon trap: reason=unstable_if action=reinterpret pc=0x000002692b70d924 method=java.io.BufferedReader.read()I @ 19 c2
Event: 0.615 Thread 0x0000026920565db0 DEOPT PACKING pc=0x000002692b70d924 sp=0x000000b5693fcd60
Event: 0.615 Thread 0x0000026920565db0 DEOPT UNPACKING pc=0x000002692b1a69a3 sp=0x000000b5693fcd10 mode 2

Classes unloaded (0 events):
No events

Classes redefined (0 events):
No events

Internal exceptions (2 events):
Event: 0.620 Thread 0x0000026920565db0 Exception <a 'java/lang/ClassNotFoundException'{0x00000000c4e5d800}: javax/smartcardio/CardPermission> (0x00000000c4e5d800) 
thrown [s\src\hotspot\share\classfile\systemDictionary.cpp, line 256]
Event: 0.624 Thread 0x0000026920565db0 Exception <a 'java/io/FileNotFoundException'{0x00000000c4e6bfb8}> (0x00000000c4e6bfb8) 
thrown [s\src\hotspot\share\prims\jni.cpp, line 516]

VM Operations (4 events):
Event: 0.306 Executing VM operation: HandshakeAllThreads
Event: 0.306 Executing VM operation: HandshakeAllThreads done
Event: 0.526 Executing VM operation: HandshakeAllThreads
Event: 0.526 Executing VM operation: HandshakeAllThreads done

Events (20 events):
Event: 0.629 loading class java/io/FilePermissionCollection
Event: 0.629 loading class java/io/FilePermissionCollection done
Event: 0.630 loading class java/io/FilePermissionCollection$1
Event: 0.630 loading class java/io/FilePermissionCollection$1 done
Event: 0.630 loading class java/security/PermissionsEnumerator
Event: 0.630 loading class java/security/PermissionsEnumerator done
Event: 0.630 loading class java/security/AccessControlException
Event: 0.630 loading class java/security/AccessControlException done
Event: 0.642 loading class java/lang/invoke/BoundMethodHandle$Species_LLL
Event: 0.642 loading class java/lang/invoke/BoundMethodHandle$Species_LLL done
Event: 0.645 loading class java/lang/Long$LongCache
Event: 0.645 loading class java/lang/Long$LongCache done
Event: 0.646 loading class java/lang/invoke/MethodHandles$1
Event: 0.646 loading class java/lang/invoke/MethodHandles$1 done
Event: 0.646 loading class java/lang/invoke/BoundMethodHandle$Species_LJ
Event: 0.646 loading class java/lang/invoke/BoundMethodHandle$Species_LJ done
Event: 0.647 loading class java/lang/invoke/BoundMethodHandle$Species_LLLL
Event: 0.647 loading class java/lang/invoke/BoundMethodHandle$Species_LLLL done
Event: 0.649 loading class java/lang/invoke/BoundMethodHandle$Species_LLLLL
Event: 0.649 loading class java/lang/invoke/BoundMethodHandle$Species_LLLLL done


Dynamic libraries:
0x00007ff7943b0000 - 0x00007ff7943be000 	C:\Users\VIJAY\.p2\pool\plugins\org.eclipse.justj.openjdk.hotspot.jre.full.win32.x86_64_17.0.7.v20230425-1502\jre\bin\javaw.exe
0x00007ff8f29f0000 - 0x00007ff8f2be8000 	C:\Windows\SYSTEM32\ntdll.dll
0x00007ff8f1880000 - 0x00007ff8f193f000 	C:\Windows\System32\KERNEL32.DLL
0x00007ff8f0230000 - 0x00007ff8f0526000 	C:\Windows\System32\KERNELBASE.dll
0x00007ff8f07c0000 - 0x00007ff8f08c0000 	C:\Windows\System32\ucrtbase.dll
0x00007ff8bcfd0000 - 0x00007ff8bcfe7000 	C:\Users\VIJAY\.p2\pool\plugins\org.eclipse.justj.openjdk.hotspot.jre.full.win32.x86_64_17.0.7.v20230425-1502\jre\bin\jli.dll
0x00007ff8f0b80000 - 0x00007ff8f0d1d000 	C:\Windows\System32\USER32.dll
0x00007ff8f0200000 - 0x00007ff8f0222000 	C:\Windows\System32\win32u.dll
0x00007ff8f21a0000 - 0x00007ff8f21cc000 	C:\Windows\System32\GDI32.dll
0x00007ff8f06a0000 - 0x00007ff8f07b5000 	C:\Windows\System32\gdi32full.dll
0x00007ff8f0160000 - 0x00007ff8f01fd000 	C:\Windows\System32\msvcp_win.dll
0x00007ff8bcfb0000 - 0x00007ff8bcfc9000 	C:\Users\VIJAY\.p2\pool\plugins\org.eclipse.justj.openjdk.hotspot.jre.full.win32.x86_64_17.0.7.v20230425-1502\jre\bin\VCRUNTIME140.dll
0x00007ff8d6870000 - 0x00007ff8d6b0a000 	C:\Windows\WinSxS\amd64_microsoft.windows.common-controls_6595b64144ccf1df_6.0.19041.1110_none_60b5254171f9507e\COMCTL32.dll
0x00007ff8f2100000 - 0x00007ff8f219e000 	C:\Windows\System32\msvcrt.dll
0x00007ff8f0d20000 - 0x00007ff8f0d50000 	C:\Windows\System32\IMM32.DLL
0x00007ff8d1d30000 - 0x00007ff8d1d3c000 	C:\Users\VIJAY\.p2\pool\plugins\org.eclipse.justj.openjdk.hotspot.jre.full.win32.x86_64_17.0.7.v20230425-1502\jre\bin\vcruntime140_1.dll
0x00007ff8b5500000 - 0x00007ff8b5591000 	C:\Users\VIJAY\.p2\pool\plugins\org.eclipse.justj.openjdk.hotspot.jre.full.win32.x86_64_17.0.7.v20230425-1502\jre\bin\msvcp140.dll
0x00007ff8a68d0000 - 0x00007ff8a7518000 	C:\Users\VIJAY\.p2\pool\plugins\org.eclipse.justj.openjdk.hotspot.jre.full.win32.x86_64_17.0.7.v20230425-1502\jre\bin\server\jvm.dll
0x00007ff8f1f80000 - 0x00007ff8f202f000 	C:\Windows\System32\ADVAPI32.dll
0x00007ff8f2380000 - 0x00007ff8f241c000 	C:\Windows\System32\sechost.dll
0x00007ff8f0a50000 - 0x00007ff8f0b76000 	C:\Windows\System32\RPCRT4.dll
0x00007ff8e7dd0000 - 0x00007ff8e7dd9000 	C:\Windows\SYSTEM32\WSOCK32.dll
0x00007ff8f2090000 - 0x00007ff8f20fb000 	C:\Windows\System32\WS2_32.dll
0x00007ff8d1e90000 - 0x00007ff8d1eb7000 	C:\Windows\SYSTEM32\WINMM.dll
0x00007ff8e7cf0000 - 0x00007ff8e7cfa000 	C:\Windows\SYSTEM32\VERSION.dll
0x00007ff8ee8d0000 - 0x00007ff8ee8e2000 	C:\Windows\SYSTEM32\kernel.appcore.dll
0x00007ff8e7dc0000 - 0x00007ff8e7dca000 	C:\Users\VIJAY\.p2\pool\plugins\org.eclipse.justj.openjdk.hotspot.jre.full.win32.x86_64_17.0.7.v20230425-1502\jre\bin\jimage.dll
0x00007ff8ede40000 - 0x00007ff8ee024000 	C:\Windows\SYSTEM32\DBGHELP.DLL
0x00007ff8e6230000 - 0x00007ff8e6264000 	C:\Windows\SYSTEM32\dbgcore.DLL
0x00007ff8f00d0000 - 0x00007ff8f0152000 	C:\Windows\System32\bcryptPrimitives.dll
0x00007ff8d3bb0000 - 0x00007ff8d3bd5000 	C:\Users\VIJAY\.p2\pool\plugins\org.eclipse.justj.openjdk.hotspot.jre.full.win32.x86_64_17.0.7.v20230425-1502\jre\bin\java.dll
0x00007ff8d3b90000 - 0x00007ff8d3ba8000 	C:\Users\VIJAY\.p2\pool\plugins\org.eclipse.justj.openjdk.hotspot.jre.full.win32.x86_64_17.0.7.v20230425-1502\jre\bin\zip.dll
0x00007ff8f0d80000 - 0x00007ff8f14c4000 	C:\Windows\System32\SHELL32.dll
0x00007ff8ee120000 - 0x00007ff8ee8b4000 	C:\Windows\SYSTEM32\windows.storage.dll
0x00007ff8f2650000 - 0x00007ff8f29a4000 	C:\Windows\System32\combase.dll
0x00007ff8ef960000 - 0x00007ff8ef98e000 	C:\Windows\SYSTEM32\Wldp.dll
0x00007ff8f1770000 - 0x00007ff8f181d000 	C:\Windows\System32\SHCORE.dll
0x00007ff8f1820000 - 0x00007ff8f1875000 	C:\Windows\System32\shlwapi.dll
0x00007ff8f0000000 - 0x00007ff8f0025000 	C:\Windows\SYSTEM32\profapi.dll
0x00007ff8d3b70000 - 0x00007ff8d3b89000 	C:\Users\VIJAY\.p2\pool\plugins\org.eclipse.justj.openjdk.hotspot.jre.full.win32.x86_64_17.0.7.v20230425-1502\jre\bin\net.dll
0x00007ff8e54b0000 - 0x00007ff8e55ba000 	C:\Windows\SYSTEM32\WINHTTP.dll
0x00007ff8ef740000 - 0x00007ff8ef7aa000 	C:\Windows\system32\mswsock.dll
0x00007ff8d3b50000 - 0x00007ff8d3b65000 	C:\Users\VIJAY\.p2\pool\plugins\org.eclipse.justj.openjdk.hotspot.jre.full.win32.x86_64_17.0.7.v20230425-1502\jre\bin\nio.dll

dbghelp: loaded successfully - version: 4.0.5 - missing functions: none
symbol engine: initialized successfully - sym options: 0x614 - pdb path: .;C:\Users\VIJAY\.p2\pool\plugins\org.eclipse.justj.openjdk.hotspot.jre.full.win32.x86_64_17.0.7.v20230425-1502\jre\bin;C:\Windows\SYSTEM32;C:\Windows\WinSxS\amd64_microsoft.windows.common-controls_6595b64144ccf1df_6.0.19041.1110_none_60b5254171f9507e;C:\Users\VIJAY\.p2\pool\plugins\org.eclipse.justj.openjdk.hotspot.jre.full.win32.x86_64_17.0.7.v20230425-1502\jre\bin\server

VM Arguments:
jvm_args: -Dfile.encoding=UTF-8 -XX:+ShowCodeDetailsInExceptionMessages 
java_command: com.example.demo.DemoApplication
java_class_path (initial): C:\Users\VIJAY\Desktop\springboot\target\classes;C:\Users\VIJAY\.m2\repository\org\springframework\boot\spring-boot-starter-web\3.1.1\spring-boot-starter-web-3.1.1.jar;C:\Users\VIJAY\.m2\repository\org\springframework\boot\spring-boot-starter\3.1.1\spring-boot-starter-3.1.1.jar;C:\Users\VIJAY\.m2\repository\org\springframework\boot\spring-boot-starter-logging\3.1.1\spring-boot-starter-logging-3.1.1.jar;C:\Users\VIJAY\.m2\repository\ch\qos\logback\logback-classic\1.4.8\logback-classic-1.4.8.jar;C:\Users\VIJAY\.m2\repository\ch\qos\logback\logback-core\1.4.8\logback-core-1.4.8.jar;C:\Users\VIJAY\.m2\repository\org\apache\logging\log4j\log4j-to-slf4j\2.20.0\log4j-to-slf4j-2.20.0.jar;C:\Users\VIJAY\.m2\repository\org\apache\logging\log4j\log4j-api\2.20.0\log4j-api-2.20.0.jar;C:\Users\VIJAY\.m2\repository\org\slf4j\jul-to-slf4j\2.0.7\jul-to-slf4j-2.0.7.jar;C:\Users\VIJAY\.m2\repository\jakarta\annotation\jakarta.annotation-api\2.1.1\jakarta.annotation-api-2.1.1.jar;C:\Users\VIJAY\.m2\repository\org\yaml\snakeyaml\1.33\snakeyaml-1.33.jar;C:\Users\VIJAY\.m2\repository\org\springframework\boot\spring-boot-starter-json\3.1.1\spring-boot-starter-json-3.1.1.jar;C:\Users\VIJAY\.m2\repository\com\fasterxml\jackson\core\jackson-databind\2.15.2\jackson-databind-2.15.2.jar;C:\Users\VIJAY\.m2\repository\com\fasterxml\jackson\core\jackson-annotations\2.15.2\jackson-annotations-2.15.2.jar;C:\Users\VIJAY\.m2\repository\com\fasterxml\jackson\core\jackson-core\2.15.2\jackson-core-2.15.2.jar;C:\Users\VIJAY\.m2\repository\com\fasterxml\jackson\datatype\jackson-datatype-jdk8\2.15.2\jackson-datatype-jdk8-2.15.2.jar;C:\Users\VIJAY\.m2\repository\com\fasterxml\jackson\datatype\jackson-datatype-jsr310\2.15.2\jackson-datatype-jsr310-2.15.2.jar;C:\Users\VIJAY\.m2\repository\com\fasterxml\jackson\module\jackson-module-parameter-names\2.15.2\jackson-module-parameter-names-2.15.2.jar;C:\Users\VIJAY\.m2\repository\org\springframework\boot\spring-boot-starter-tomcat\3.1.1\
Launcher Type: SUN_STANDARD

[Global flags]
     intx CICompilerCount                          = 3                                         {product} {ergonomic}
     uint ConcGCThreads                            = 1                                         {product} {ergonomic}
     uint G1ConcRefinementThreads                  = 4                                         {product} {ergonomic}
   size_t G1HeapRegionSize                         = 1048576                                   {product} {ergonomic}
    uintx GCDrainStackTargetSize                   = 64                                        {product} {ergonomic}
   size_t InitialHeapSize                          = 67108864                                  {product} {ergonomic}
   size_t MarkStackSize                            = 4194304                                   {product} {ergonomic}
   size_t MaxHeapSize                              = 1050673152                                {product} {ergonomic}
   size_t MaxNewSize                               = 630194176                                 {product} {ergonomic}
   size_t MinHeapDeltaBytes                        = 1048576                                   {product} {ergonomic}
   size_t MinHeapSize                              = 8388608                                   {product} {ergonomic}
    uintx NonNMethodCodeHeapSize                   = 5832780                                {pd product} {ergonomic}
    uintx NonProfiledCodeHeapSize                  = 122912730                              {pd product} {ergonomic}
    uintx ProfiledCodeHeapSize                     = 122912730                              {pd product} {ergonomic}
    uintx ReservedCodeCacheSize                    = 251658240                              {pd product} {ergonomic}
     bool SegmentedCodeCache                       = true                                      {product} {ergonomic}
     bool ShowCodeDetailsInExceptionMessages       = true                                   {manageable} {command line}
   size_t SoftMaxHeapSize                          = 1050673152                             {manageable} {ergonomic}
     bool UseCompressedClassPointers               = true                           {product lp64_product} {ergonomic}
     bool UseCompressedOops                        = true                           {product lp64_product} {ergonomic}
     bool UseG1GC                                  = true                                      {product} {ergonomic}
     bool UseLargePagesIndividualAllocation        = false                                  {pd product} {ergonomic}

Logging:
Log output configuration:
 #0: stdout all=warning uptime,level,tags
 #1: stderr all=off uptime,level,tags

Environment Variables:
PATH=C:/Users/VIJAY/.p2/pool/plugins/org.eclipse.justj.openjdk.hotspot.jre.full.win32.x86_64_17.0.7.v20230425-1502/jre/bin/server;C:/Users/VIJAY/.p2/pool/plugins/org.eclipse.justj.openjdk.hotspot.jre.full.win32.x86_64_17.0.7.v20230425-1502/jre/bin;C:\Windows\system32;C:\Windows;C:\Windows\System32\Wbem;C:\Windows\System32\WindowsPowerShell\v1.0\;C:\Windows\System32\OpenSSH\;C:\Program Files\nodejs\;C:\Program Files\Git\cmd;C:\Program Files (x86)\Microsoft SQL Server\160\Tools\Binn\;C:\Program Files\Microsoft SQL Server\160\Tools\Binn\;C:\Program Files\Microsoft SQL Server\Client SDK\ODBC\170\Tools\Binn\;C:\Program Files\Microsoft SQL Server\160\DTS\Binn\;C:\Program Files\Azure Data Studio\bin;C:\Program Files (x86)\Microsoft SQL Server\160\DTS\Binn\;C:\Program Files\Docker\Docker\resources\bin;C:\Program Files\MySQL\MySQL Shell 8.0\bin\;C:\Users\VIJAY\AppData\Local\Microsoft\WindowsApps;;C:\Users\VIJAY\AppData\Local\Programs\Microsoft VS Code\bin;C:\Users\VIJAY\AppData\Roaming\npm;C:\Program Files\Azure Data Studio\bin;C:\Users\VIJAY\Desktop;
USERNAME=VIJAY
OS=Windows_NT
PROCESSOR_IDENTIFIER=Intel64 Family 6 Model 142 Stepping 10, GenuineIntel
TMP=C:\Users\VIJAY\AppData\Local\Temp
TEMP=C:\Users\VIJAY\AppData\Local\Temp



---------------  S Y S T E M  ---------------

OS:
 Windows 10 , 64 bit Build 19041 (10.0.19041.3155)
OS uptime: 1 days 0:51 hours
Hyper-V role detected

CPU: total 4 (initial active 4) (2 cores per cpu, 2 threads per core) family 6 model 142 stepping 10 microcode 0xc6, cx8, cmov, fxsr, ht, mmx, 3dnowpref, sse, sse2, sse3, ssse3, sse4.1, sse4.2, popcnt, lzcnt, tsc, tscinvbit, avx, avx2, aes, erms, clmul, bmi1, bmi2, adx, fma, vzeroupper, clflush, clflushopt, hv

Memory: 4k page, system-wide physical 4001M (292M free)
TotalPageFile size 16289M (AvailPageFile size 0M)
current process WorkingSet (physical memory assigned to process): 49M, peak: 49M
current process commit charge ("private bytes"): 139M, peak: 139M

vm_info: OpenJDK 64-Bit Server VM (17.0.7+7) for windows-amd64 JRE (17.0.7+7), built on Apr 18 2023 22:10:42 by "temurin" with MS VC++ 16.7 (VS2019)

END.
